# JRE version: Java(TM) SE Runtime Environment (8.0_181-b13) (build 1.8.0_181-b13)
# Java VM: Java HotSpot(TM) 64-Bit Server VM (25.181-b13 mixed mode linux-amd64 compressed oops)
Heap:
 PSYoungGen      total 747008K, used 1179K [0x0000000759000000, 0x0000000787b00000, 0x00000007c0000000)
  eden space 729088K, 0% used [0x0000000759000000,0x0000000759000000,0x0000000785800000)
  from space 17920K, 6% used [0x0000000785800000,0x0000000785926fb8,0x0000000786980000)
  to   space 5120K, 0% used [0x0000000787600000,0x0000000787600000,0x0000000787b00000)
 ParOldGen       total 148992K, used 19824K [0x000000068b000000, 0x0000000694180000, 0x0000000759000000)
  object space 148992K, 13% used [0x000000068b000000,0x000000068c35c168,0x0000000694180000)
 Metaspace       used 28530K, capacity 29012K, committed 29184K, reserved 1075200K
  class space    used 3116K, capacity 3264K, committed 3328K, reserved 1048576K
GC Heap History (10 events):
Event: 5,182 GC heap after
Heap after GC invocations=9 (full 1):
 PSYoungGen      total 376320K, used 673K [0x0000000759000000, 0x0000000771400000, 0x00000007c0000000)
  eden space 355328K, 0% used [0x0000000759000000,0x0000000759000000,0x000000076eb00000)
  from space 20992K, 3% used [0x000000076ff80000,0x00000007700287b8,0x0000000771400000)
  to   space 20992K, 0% used [0x000000076eb00000,0x000000076eb00000,0x000000076ff80000)
 ParOldGen       total 148992K, used 19792K [0x000000068b000000, 0x0000000694180000, 0x0000000759000000)
  object space 148992K, 13% used [0x000000068b000000,0x000000068c354168,0x0000000694180000)
 Metaspace       used 28529K, capacity 29012K, committed 29184K, reserved 1075200K
  class space    used 3116K, capacity 3264K, committed 3328K, reserved 1048576K
}
Event: 5,741 GC heap before
{Heap before GC invocations=10 (full 1):
 PSYoungGen      total 376320K, used 355602K [0x0000000759000000, 0x0000000771400000, 0x00000007c0000000)
  eden space 355328K, 99% used [0x0000000759000000,0x000000076ea9c0a8,0x000000076eb00000)
  from space 20992K, 3% used [0x000000076ff80000,0x00000007700287b8,0x0000000771400000)
  to   space 20992K, 0% used [0x000000076eb00000,0x000000076eb00000,0x000000076ff80000)
 ParOldGen       total 148992K, used 19792K [0x000000068b000000, 0x0000000694180000, 0x0000000759000000)
  object space 148992K, 13% used [0x000000068b000000,0x000000068c354168,0x0000000694180000)
 Metaspace       used 28530K, capacity 29012K, committed 29184K, reserved 1075200K
  class space    used 3116K, capacity 3264K, committed 3328K, reserved 1048576K
Event: 5,749 GC heap after
Heap after GC invocations=10 (full 1):
 PSYoungGen      total 376320K, used 476K [0x0000000759000000, 0x000000077b500000, 0x00000007c0000000)
  eden space 355328K, 0% used [0x0000000759000000,0x0000000759000000,0x000000076eb00000)
  from space 20992K, 2% used [0x000000076eb00000,0x000000076eb77170,0x000000076ff80000)
  to   space 20480K, 0% used [0x000000077a100000,0x000000077a100000,0x000000077b500000)
 ParOldGen       total 148992K, used 19800K [0x000000068b000000, 0x0000000694180000, 0x0000000759000000)
  object space 148992K, 13% used [0x000000068b000000,0x000000068c356168,0x0000000694180000)
 Metaspace       used 28530K, capacity 29012K, committed 29184K, reserved 1075200K
  class space    used 3116K, capacity 3264K, committed 3328K, reserved 1048576K
}
Event: 5,884 GC heap before
{Heap before GC invocations=11 (full 1):
 PSYoungGen      total 376320K, used 355804K [0x0000000759000000, 0x000000077b500000, 0x00000007c0000000)
  eden space 355328K, 100% used [0x0000000759000000,0x000000076eb00000,0x000000076eb00000)
  from space 20992K, 2% used [0x000000076eb00000,0x000000076eb77170,0x000000076ff80000)
  to   space 20480K, 0% used [0x000000077a100000,0x000000077a100000,0x000000077b500000)
 ParOldGen       total 148992K, used 19800K [0x000000068b000000, 0x0000000694180000, 0x0000000759000000)
  object space 148992K, 13% used [0x000000068b000000,0x000000068c356168,0x0000000694180000)
 Metaspace       used 28530K, capacity 29012K, committed 29184K, reserved 1075200K
  class space    used 3116K, capacity 3264K, committed 3328K, reserved 1048576K
Event: 5,889 GC heap after
Heap after GC invocations=11 (full 1):
 PSYoungGen      total 534528K, used 544K [0x0000000759000000, 0x000000077b080000, 0x00000007c0000000)
  eden space 518656K, 0% used [0x0000000759000000,0x0000000759000000,0x0000000778a80000)
  from space 15872K, 3% used [0x000000077a100000,0x000000077a188130,0x000000077b080000)
  to   space 19456K, 0% used [0x0000000778a80000,0x0000000778a80000,0x0000000779d80000)
 ParOldGen       total 148992K, used 19808K [0x000000068b000000, 0x0000000694180000, 0x0000000759000000)
  object space 148992K, 13% used [0x000000068b000000,0x000000068c358168,0x0000000694180000)
 Metaspace       used 28530K, capacity 29012K, committed 29184K, reserved 1075200K
  class space    used 3116K, capacity 3264K, committed 3328K, reserved 1048576K
}
Event: 6,282 GC heap before
{Heap before GC invocations=12 (full 1):
 PSYoungGen      total 534528K, used 519069K [0x0000000759000000, 0x000000077b080000, 0x00000007c0000000)
  eden space 518656K, 99% used [0x0000000759000000,0x0000000778a5f480,0x0000000778a80000)
  from space 15872K, 3% used [0x000000077a100000,0x000000077a188130,0x000000077b080000)
  to   space 19456K, 0% used [0x0000000778a80000,0x0000000778a80000,0x0000000779d80000)
 ParOldGen       total 148992K, used 19808K [0x000000068b000000, 0x0000000694180000, 0x0000000759000000)
  object space 148992K, 13% used [0x000000068b000000,0x000000068c358168,0x0000000694180000)
 Metaspace       used 28530K, capacity 29012K, committed 29184K, reserved 1075200K
  class space    used 3116K, capacity 3264K, committed 3328K, reserved 1048576K
Event: 6,288 GC heap after
Heap after GC invocations=12 (full 1):
 PSYoungGen      total 538112K, used 330K [0x0000000759000000, 0x0000000788880000, 0x00000007c0000000)
  eden space 518656K, 0% used [0x0000000759000000,0x0000000759000000,0x0000000778a80000)
  from space 19456K, 1% used [0x0000000778a80000,0x0000000778ad2ba0,0x0000000779d80000)
  to   space 18944K, 0% used [0x0000000787600000,0x0000000787600000,0x0000000788880000)
 ParOldGen       total 148992K, used 19824K [0x000000068b000000, 0x0000000694180000, 0x0000000759000000)
  object space 148992K, 13% used [0x000000068b000000,0x000000068c35c168,0x0000000694180000)
 Metaspace       used 28530K, capacity 29012K, committed 29184K, reserved 1075200K
  class space    used 3116K, capacity 3264K, committed 3328K, reserved 1048576K
}
Event: 6,415 GC heap before
{Heap before GC invocations=13 (full 1):
 PSYoungGen      total 538112K, used 518986K [0x0000000759000000, 0x0000000788880000, 0x00000007c0000000)
  eden space 518656K, 100% used [0x0000000759000000,0x0000000778a80000,0x0000000778a80000)
  from space 19456K, 1% used [0x0000000778a80000,0x0000000778ad2ba0,0x0000000779d80000)
  to   space 18944K, 0% used [0x0000000787600000,0x0000000787600000,0x0000000788880000)
 ParOldGen       total 148992K, used 19824K [0x000000068b000000, 0x0000000694180000, 0x0000000759000000)
  object space 148992K, 13% used [0x000000068b000000,0x000000068c35c168,0x0000000694180000)
 Metaspace       used 28530K, capacity 29012K, committed 29184K, reserved 1075200K
  class space    used 3116K, capacity 3264K, committed 3328K, reserved 1048576K
Event: 6,417 GC heap after
Heap after GC invocations=13 (full 1):
 PSYoungGen      total 734208K, used 736K [0x0000000759000000, 0x0000000787b00000, 0x00000007c0000000)
  eden space 729088K, 0% used [0x0000000759000000,0x0000000759000000,0x0000000785800000)
  from space 5120K, 14% used [0x0000000787600000,0x00000007876b8250,0x0000000787b00000)
  to   space 17920K, 0% used [0x0000000785800000,0x0000000785800000,0x0000000786980000)
 ParOldGen       total 148992K, used 19824K [0x000000068b000000, 0x0000000694180000, 0x0000000759000000)
  object space 148992K, 13% used [0x000000068b000000,0x000000068c35c168,0x0000000694180000)
 Metaspace       used 28530K, capacity 29012K, committed 29184K, reserved 1075200K
  class space    used 3116K, capacity 3264K, committed 3328K, reserved 1048576K
}
Event: 14,128 GC heap before
{Heap before GC invocations=14 (full 1):
 PSYoungGen      total 734208K, used 729608K [0x0000000759000000, 0x0000000787b00000, 0x00000007c0000000)
  eden space 729088K, 99% used [0x0000000759000000,0x00000007857ca120,0x0000000785800000)
  from space 5120K, 14% used [0x0000000787600000,0x00000007876b8250,0x0000000787b00000)
  to   space 17920K, 0% used [0x0000000785800000,0x0000000785800000,0x0000000786980000)
 ParOldGen       total 148992K, used 19824K [0x000000068b000000, 0x0000000694180000, 0x0000000759000000)
  object space 148992K, 13% used [0x000000068b000000,0x000000068c35c168,0x0000000694180000)
 Metaspace       used 28530K, capacity 29012K, committed 29184K, reserved 1075200K
  class space    used 3116K, capacity 3264K, committed 3328K, reserved 1048576K

